<?xml version="1.0" encoding="UTF-8"?>
<!-- Generated by org.testng.reporters.JUnitXMLReporter -->
<testsuite ignored="0" failures="0" tests="3" name="Coding Exercies" time="23.627" errors="0" timestamp="08 Apr 2024 02:30:15 GMT">
  <testcase classname="com.duckduck.qa.testcases.DuckDuckGoSerchResult" name="serchresultpage" time="0.216"/>
  <testcase classname="com.duckduck.qa.testcases.DuckDuckGoSerchResult" name="wallpaperelement" time="0.059"/>
  <testcase classname="com.duckduck.qa.testcases.DuckDuckGoSerchResult" name="comparisionelement" time="0.108"/>
</testsuite> <!-- Coding Exercies -->
