<?xml version="1.0" encoding="UTF-8"?>
<!-- Generated by org.testng.reporters.JUnitXMLReporter -->
<testsuite ignored="0" failures="0" tests="3" name="Default test" time="25.445" errors="0" timestamp="08 Apr 2024 02:23:56 GMT">
  <testcase classname="com.duckduck.qa.testcases.DuckDuckGoSerchResult" name="serchresultpage" time="0.369"/>
  <testcase classname="com.duckduck.qa.testcases.DuckDuckGoSerchResult" name="wallpaperelement" time="0.025"/>
  <testcase classname="com.duckduck.qa.testcases.DuckDuckGoSerchResult" name="comparisionelement" time="0.099"/>
</testsuite> <!-- Default test -->
