<?xml version="1.0" encoding="UTF-8"?>
<testng-results ignored="0" total="3" passed="3" failed="0" skipped="0">
  <reporter-output>
  </reporter-output>
  <suite started-at="2024-04-08T02:29:51Z" name="DuckDuckSearchEngine" finished-at="2024-04-08T02:30:15Z" duration-ms="23627">
    <groups>
    </groups>
    <test started-at="2024-04-08T02:29:51Z" name="Coding Exercies" finished-at="2024-04-08T02:30:15Z" duration-ms="23627">
      <class name="com.duckduck.qa.testcases.DuckDuckGoSerchResult">
        <test-method is-config="true" signature="setup()[pri:0, instance:com.duckduck.qa.testcases.DuckDuckGoSerchResult@2898ac89]" started-at="2024-04-07T22:29:51Z" name="setup" finished-at="2024-04-07T22:29:58Z" duration-ms="7155" status="PASS">
          <reporter-output>
          </reporter-output>
        </test-method> <!-- setup -->
        <test-method signature="serchresultpage()[pri:1, instance:com.duckduck.qa.testcases.DuckDuckGoSerchResult@2898ac89]" started-at="2024-04-07T22:29:58Z" name="serchresultpage" finished-at="2024-04-07T22:29:59Z" duration-ms="216" status="PASS">
          <reporter-output>
          </reporter-output>
        </test-method> <!-- serchresultpage -->
        <test-method is-config="true" signature="tearDown(org.testng.ITestResult)[pri:0, instance:com.duckduck.qa.testcases.DuckDuckGoSerchResult@2898ac89]" started-at="2024-04-07T22:29:59Z" name="tearDown" finished-at="2024-04-07T22:29:59Z" duration-ms="749" status="PASS">
          <params>
            <param index="0">
              <value>
                <![CDATA[[TestResult name=serchresultpage status=SUCCESS method=DuckDuckGoSerchResult.serchresultpage()[pri:1, instance:com.duckduck.qa.testcases.DuckDuckGoSerchResult@2898ac89] output={null}]]]>
              </value>
            </param>
          </params>
          <reporter-output>
          </reporter-output>
        </test-method> <!-- tearDown -->
        <test-method is-config="true" signature="setup()[pri:0, instance:com.duckduck.qa.testcases.DuckDuckGoSerchResult@2898ac89]" started-at="2024-04-07T22:29:59Z" name="setup" finished-at="2024-04-07T22:30:06Z" duration-ms="6816" status="PASS">
          <reporter-output>
          </reporter-output>
        </test-method> <!-- setup -->
        <test-method signature="wallpaperelement()[pri:2, instance:com.duckduck.qa.testcases.DuckDuckGoSerchResult@2898ac89]" started-at="2024-04-07T22:30:06Z" name="wallpaperelement" finished-at="2024-04-07T22:30:06Z" duration-ms="59" status="PASS">
          <reporter-output>
          </reporter-output>
        </test-method> <!-- wallpaperelement -->
        <test-method is-config="true" signature="tearDown(org.testng.ITestResult)[pri:0, instance:com.duckduck.qa.testcases.DuckDuckGoSerchResult@2898ac89]" started-at="2024-04-07T22:30:06Z" name="tearDown" finished-at="2024-04-07T22:30:07Z" duration-ms="719" status="PASS">
          <params>
            <param index="0">
              <value>
                <![CDATA[[TestResult name=wallpaperelement status=SUCCESS method=DuckDuckGoSerchResult.wallpaperelement()[pri:2, instance:com.duckduck.qa.testcases.DuckDuckGoSerchResult@2898ac89] output={null}]]]>
              </value>
            </param>
          </params>
          <reporter-output>
          </reporter-output>
        </test-method> <!-- tearDown -->
        <test-method is-config="true" signature="setup()[pri:0, instance:com.duckduck.qa.testcases.DuckDuckGoSerchResult@2898ac89]" started-at="2024-04-07T22:30:07Z" name="setup" finished-at="2024-04-07T22:30:14Z" duration-ms="7171" status="PASS">
          <reporter-output>
          </reporter-output>
        </test-method> <!-- setup -->
        <test-method signature="comparisionelement()[pri:3, instance:com.duckduck.qa.testcases.DuckDuckGoSerchResult@2898ac89]" started-at="2024-04-07T22:30:14Z" name="comparisionelement" finished-at="2024-04-07T22:30:14Z" duration-ms="108" status="PASS">
          <reporter-output>
          </reporter-output>
        </test-method> <!-- comparisionelement -->
        <test-method is-config="true" signature="tearDown(org.testng.ITestResult)[pri:0, instance:com.duckduck.qa.testcases.DuckDuckGoSerchResult@2898ac89]" started-at="2024-04-07T22:30:14Z" name="tearDown" finished-at="2024-04-07T22:30:15Z" duration-ms="624" status="PASS">
          <params>
            <param index="0">
              <value>
                <![CDATA[[TestResult name=comparisionelement status=SUCCESS method=DuckDuckGoSerchResult.comparisionelement()[pri:3, instance:com.duckduck.qa.testcases.DuckDuckGoSerchResult@2898ac89] output={null}]]]>
              </value>
            </param>
          </params>
          <reporter-output>
          </reporter-output>
        </test-method> <!-- tearDown -->
      </class> <!-- com.duckduck.qa.testcases.DuckDuckGoSerchResult -->
    </test> <!-- Coding Exercies -->
  </suite> <!-- DuckDuckSearchEngine -->
</testng-results>
